\BOOKMARK [1][-]{section*.1}{\376\377\000R\000e\000m\000e\000r\000c\000i\000e\000m\000e\000n\000t\000s}{}% 1
\BOOKMARK [0][-]{section*.3}{\376\377\000T\000a\000b\000l\000e\000s}{}% 2
\BOOKMARK [1][-]{section*.4}{\376\377\000T\000a\000b\000l\000e\000\040\000d\000e\000s\000\040\000m\000a\000t\000i\000\350\000r\000e\000s}{section*.3}% 3
\BOOKMARK [1][-]{section*.5}{\376\377\000T\000a\000b\000l\000e\000\040\000d\000e\000s\000\040\000f\000i\000g\000u\000r\000e\000s}{section*.3}% 4
\BOOKMARK [1][-]{section*.6}{\376\377\000L\000i\000s\000t\000e\000\040\000d\000e\000s\000\040\000t\000a\000b\000l\000e\000a\000u\000x}{section*.3}% 5
\BOOKMARK [1][-]{section*.7}{\376\377\000G\000l\000o\000s\000s\000a\000i\000r\000e}{section*.3}% 6
\BOOKMARK [0][-]{section*.9}{\376\377\000I\000n\000t\000r\000o\000d\000u\000c\000t\000i\000o\000n\000\040\000g\000\351\000n\000\351\000r\000a\000l\000e}{}% 7
\BOOKMARK [-1][-]{part.1}{\376\377\000I\000\040\000T\000i\000t\000r\000e\000\040\000p\000a\000r\000t\000i\000e\000\040\0001}{}% 8
\BOOKMARK [0][-]{chapter.1}{\376\377\000C\000h\000a\000p\000i\000t\000r\000e\000\040\0001}{part.1}% 9
\BOOKMARK [1][-]{section.1.1}{\376\377\000E\000x\000e\000m\000p\000l\000e\000s}{chapter.1}% 10
\BOOKMARK [2][-]{subsection.1.1.1}{\376\377\000R\000\351\000f\000\351\000r\000e\000n\000c\000e\000s}{section.1.1}% 11
\BOOKMARK [2][-]{subsection.1.1.2}{\376\377\000F\000i\000g\000u\000r\000e\000s}{section.1.1}% 12
\BOOKMARK [2][-]{subsection.1.1.3}{\376\377\000T\000a\000b\000l\000e\000a\000u\000x}{section.1.1}% 13
\BOOKMARK [2][-]{subsection.1.1.4}{\376\377\000S\000i\000g\000l\000e\000s\000\040\000e\000t\000\040\000a\000c\000r\000o\000n\000y\000m\000e\000s}{section.1.1}% 14
\BOOKMARK [1][-]{section.1.2}{\376\377\000S\000e\000c\000t\000i\000o\000n\000\040\0002}{chapter.1}% 15
\BOOKMARK [2][-]{subsection.1.2.1}{\376\377\000S\000o\000u\000s\000-\000s\000e\000c\000t\000i\000o\000n\000\040\0001}{section.1.2}% 16
\BOOKMARK [2][-]{subsection.1.2.2}{\376\377\000S\000o\000u\000s\000-\000s\000e\000c\000t\000i\000o\000n\000\040\0002}{section.1.2}% 17
\BOOKMARK [0][-]{chapter.2}{\376\377\000C\000h\000a\000p\000i\000t\000r\000e\000\040\0002}{part.1}% 18
\BOOKMARK [0][-]{section*.15}{\376\377\000C\000o\000n\000c\000l\000u\000s\000i\000o\000n\000\040\000g\000\351\000n\000\351\000r\000a\000l\000e\000\040\000e\000t\000\040\000p\000e\000r\000s\000p\000e\000c\000t\000i\000v\000e\000s}{part.1}% 19
\BOOKMARK [0][-]{section*.18}{\376\377\000B\000i\000b\000l\000i\000o\000g\000r\000a\000p\000h\000i\000e}{part.1}% 20
\BOOKMARK [-1][-]{part*.20}{\376\377\000A\000n\000n\000e\000x\000e\000s}{}% 21
\BOOKMARK [0][-]{appendix.A}{\376\377\000A\000n\000n\000e\000x\000e\000\040\000A}{part*.20}% 22
\BOOKMARK [0][-]{appendix.B}{\376\377\000A\000n\000n\000e\000x\000e\000\040\000B}{part*.20}% 23
